# JRE version: Java(TM) SE Runtime Environment (8.0_181-b13) (build 1.8.0_181-b13)
# Java VM: Java HotSpot(TM) 64-Bit Server VM (25.181-b13 mixed mode windows-amd64 compressed oops)
Heap:
 PSYoungGen      total 14336K, used 4113K [0x00000000e0980000, 0x00000000e1980000, 0x0000000100000000)
  eden space 12288K, 21% used [0x00000000e0980000,0x00000000e0c09be0,0x00000000e1580000)
  from space 2048K, 73% used [0x00000000e1780000,0x00000000e18fa9f8,0x00000000e1980000)
  to   space 2048K, 0% used [0x00000000e1580000,0x00000000e1580000,0x00000000e1780000)
 ParOldGen       total 5632K, used 5164K [0x00000000a1c00000, 0x00000000a2180000, 0x00000000e0980000)
  object space 5632K, 91% used [0x00000000a1c00000,0x00000000a210b270,0x00000000a2180000)
 Metaspace       used 7470K, capacity 8244K, committed 8448K, reserved 1056768K
  class space    used 898K, capacity 944K, committed 1024K, reserved 1048576K
GC Heap History (10 events):
Event: 1.072 GC heap before
{Heap before GC invocations=5 (full 0):
 PSYoungGen      total 6656K, used 6617K [0x00000000e0980000, 0x00000000e1080000, 0x0000000100000000)
  eden space 6144K, 99% used [0x00000000e0980000,0x00000000e0f7e780,0x00000000e0f80000)
  from space 512K, 93% used [0x00000000e1000000,0x00000000e1078010,0x00000000e1080000)
  to   space 512K, 0% used [0x00000000e0f80000,0x00000000e0f80000,0x00000000e1000000)
 ParOldGen       total 5632K, used 958K [0x00000000a1c00000, 0x00000000a2180000, 0x00000000e0980000)
  object space 5632K, 17% used [0x00000000a1c00000,0x00000000a1cef970,0x00000000a2180000)
 Metaspace       used 6862K, capacity 7796K, committed 8064K, reserved 1056768K
  class space    used 854K, capacity 880K, committed 896K, reserved 1048576K
Event: 1.082 GC heap after
Heap after GC invocations=5 (full 0):
 PSYoungGen      total 6656K, used 496K [0x00000000e0980000, 0x00000000e1980000, 0x0000000100000000)
  eden space 6144K, 0% used [0x00000000e0980000,0x00000000e0980000,0x00000000e0f80000)
  from space 512K, 96% used [0x00000000e0f80000,0x00000000e0ffc020,0x00000000e1000000)
  to   space 2048K, 0% used [0x00000000e1780000,0x00000000e1780000,0x00000000e1980000)
 ParOldGen       total 5632K, used 2078K [0x00000000a1c00000, 0x00000000a2180000, 0x00000000e0980000)
  object space 5632K, 36% used [0x00000000a1c00000,0x00000000a1e07860,0x00000000a2180000)
 Metaspace       used 6862K, capacity 7796K, committed 8064K, reserved 1056768K
  class space    used 854K, capacity 880K, committed 896K, reserved 1048576K
}
Event: 1.084 GC heap before
{Heap before GC invocations=6 (full 0):
 PSYoungGen      total 6656K, used 6635K [0x00000000e0980000, 0x00000000e1980000, 0x0000000100000000)
  eden space 6144K, 99% used [0x00000000e0980000,0x00000000e0f7ec00,0x00000000e0f80000)
  from space 512K, 96% used [0x00000000e0f80000,0x00000000e0ffc020,0x00000000e1000000)
  to   space 2048K, 0% used [0x00000000e1780000,0x00000000e1780000,0x00000000e1980000)
 ParOldGen       total 5632K, used 2078K [0x00000000a1c00000, 0x00000000a2180000, 0x00000000e0980000)
  object space 5632K, 36% used [0x00000000a1c00000,0x00000000a1e07860,0x00000000a2180000)
 Metaspace       used 6862K, capacity 7796K, committed 8064K, reserved 1056768K
  class space    used 854K, capacity 880K, committed 896K, reserved 1048576K
Event: 1.087 GC heap after
Heap after GC invocations=6 (full 0):
 PSYoungGen      total 14336K, used 526K [0x00000000e0980000, 0x00000000e1980000, 0x0000000100000000)
  eden space 12288K, 0% used [0x00000000e0980000,0x00000000e0980000,0x00000000e1580000)
  from space 2048K, 25% used [0x00000000e1780000,0x00000000e1803ac8,0x00000000e1980000)
  to   space 2048K, 0% used [0x00000000e1580000,0x00000000e1580000,0x00000000e1780000)
 ParOldGen       total 5632K, used 2078K [0x00000000a1c00000, 0x00000000a2180000, 0x00000000e0980000)
  object space 5632K, 36% used [0x00000000a1c00000,0x00000000a1e07860,0x00000000a2180000)
 Metaspace       used 6862K, capacity 7796K, committed 8064K, reserved 1056768K
  class space    used 854K, capacity 880K, committed 896K, reserved 1048576K
}
Event: 1.094 GC heap before
{Heap before GC invocations=7 (full 0):
 PSYoungGen      total 14336K, used 12814K [0x00000000e0980000, 0x00000000e1980000, 0x0000000100000000)
  eden space 12288K, 100% used [0x00000000e0980000,0x00000000e1580000,0x00000000e1580000)
  from space 2048K, 25% used [0x00000000e1780000,0x00000000e1803ac8,0x00000000e1980000)
  to   space 2048K, 0% used [0x00000000e1580000,0x00000000e1580000,0x00000000e1780000)
 ParOldGen       total 5632K, used 2078K [0x00000000a1c00000, 0x00000000a2180000, 0x00000000e0980000)
  object space 5632K, 36% used [0x00000000a1c00000,0x00000000a1e07860,0x00000000a2180000)
 Metaspace       used 6862K, capacity 7796K, committed 8064K, reserved 1056768K
  class space    used 854K, capacity 880K, committed 896K, reserved 1048576K
Event: 1.098 GC heap after
Heap after GC invocations=7 (full 0):
 PSYoungGen      total 14336K, used 515K [0x00000000e0980000, 0x00000000e1980000, 0x0000000100000000)
  eden space 12288K, 0% used [0x00000000e0980000,0x00000000e0980000,0x00000000e1580000)
  from space 2048K, 25% used [0x00000000e1580000,0x00000000e1600d28,0x00000000e1780000)
  to   space 2048K, 0% used [0x00000000e1780000,0x00000000e1780000,0x00000000e1980000)
 ParOldGen       total 5632K, used 2190K [0x00000000a1c00000, 0x00000000a2180000, 0x00000000e0980000)
  object space 5632K, 38% used [0x00000000a1c00000,0x00000000a1e23880,0x00000000a2180000)
 Metaspace       used 6862K, capacity 7796K, committed 8064K, reserved 1056768K
  class space    used 854K, capacity 880K, committed 896K, reserved 1048576K
}
Event: 1.628 GC heap before
{Heap before GC invocations=8 (full 0):
 PSYoungGen      total 14336K, used 12803K [0x00000000e0980000, 0x00000000e1980000, 0x0000000100000000)
  eden space 12288K, 100% used [0x00000000e0980000,0x00000000e1580000,0x00000000e1580000)
  from space 2048K, 25% used [0x00000000e1580000,0x00000000e1600d28,0x00000000e1780000)
  to   space 2048K, 0% used [0x00000000e1780000,0x00000000e1780000,0x00000000e1980000)
 ParOldGen       total 5632K, used 2190K [0x00000000a1c00000, 0x00000000a2180000, 0x00000000e0980000)
  object space 5632K, 38% used [0x00000000a1c00000,0x00000000a1e23880,0x00000000a2180000)
 Metaspace       used 7460K, capacity 8244K, committed 8448K, reserved 1056768K
  class space    used 898K, capacity 944K, committed 1024K, reserved 1048576K
Event: 1.639 GC heap after
Heap after GC invocations=8 (full 0):
 PSYoungGen      total 14336K, used 2029K [0x00000000e0980000, 0x00000000e1980000, 0x0000000100000000)
  eden space 12288K, 0% used [0x00000000e0980000,0x00000000e0980000,0x00000000e1580000)
  from space 2048K, 99% used [0x00000000e1780000,0x00000000e197b510,0x00000000e1980000)
  to   space 2048K, 0% used [0x00000000e1580000,0x00000000e1580000,0x00000000e1780000)
 ParOldGen       total 5632K, used 4815K [0x00000000a1c00000, 0x00000000a2180000, 0x00000000e0980000)
  object space 5632K, 85% used [0x00000000a1c00000,0x00000000a20b3f40,0x00000000a2180000)
 Metaspace       used 7460K, capacity 8244K, committed 8448K, reserved 1056768K
  class space    used 898K, capacity 944K, committed 1024K, reserved 1048576K
}
Event: 1.639 GC heap before
{Heap before GC invocations=9 (full 1):
 PSYoungGen      total 14336K, used 2029K [0x00000000e0980000, 0x00000000e1980000, 0x0000000100000000)
  eden space 12288K, 0% used [0x00000000e0980000,0x00000000e0980000,0x00000000e1580000)
  from space 2048K, 99% used [0x00000000e1780000,0x00000000e197b510,0x00000000e1980000)
  to   space 2048K, 0% used [0x00000000e1580000,0x00000000e1580000,0x00000000e1780000)
 ParOldGen       total 5632K, used 4815K [0x00000000a1c00000, 0x00000000a2180000, 0x00000000e0980000)
  object space 5632K, 85% used [0x00000000a1c00000,0x00000000a20b3f40,0x00000000a2180000)
 Metaspace       used 7460K, capacity 8244K, committed 8448K, reserved 1056768K
  class space    used 898K, capacity 944K, committed 1024K, reserved 1048576K
Event: 1.708 GC heap after
Heap after GC invocations=9 (full 1):
 PSYoungGen      total 14336K, used 1514K [0x00000000e0980000, 0x00000000e1980000, 0x0000000100000000)
  eden space 12288K, 0% used [0x00000000e0980000,0x00000000e0980000,0x00000000e1580000)
  from space 2048K, 73% used [0x00000000e1780000,0x00000000e18fa9f8,0x00000000e1980000)
  to   space 2048K, 0% used [0x00000000e1580000,0x00000000e1580000,0x00000000e1780000)
 ParOldGen       total 5632K, used 5164K [0x00000000a1c00000, 0x00000000a2180000, 0x00000000e0980000)
  object space 5632K, 91% used [0x00000000a1c00000,0x00000000a210b270,0x00000000a2180000)
 Metaspace       used 7460K, capacity 8244K, committed 8448K, reserved 1056768K
  class space    used 898K, capacity 944K, committed 1024K, reserved 1048576K
}

